-------------------------------------------------------------------------------
Test set: com.yupi.jinapiclientsdk.JinapiClientSdkApplicationTests
-------------------------------------------------------------------------------
Tests run: 1, Failures: 0, Errors: 1, Skipped: 0, Time elapsed: 0.533 s <<< FAILURE! - in com.yupi.jinapiclientsdk.JinapiClientSdkApplicationTests
com.yupi.jinapiclientsdk.JinapiClientSdkApplicationTests  Time elapsed: 0.532 s  <<< ERROR!
java.lang.IllegalStateException: Unable to find a @SpringBootConfiguration, you need to use @ContextConfiguration or @SpringBootTest(classes=...) with your test

