<?xml version="1.0" encoding="UTF-8"?>
<testsuite xmlns:xsi="http://www.w3.org/2001/XMLSchema-instance" xsi:noNamespaceSchemaLocation="https://maven.apache.org/surefire/maven-surefire-plugin/xsd/surefire-test-report.xsd" name="com.yupi.jinapiclientsdk.JinapiClientSdkApplicationTests" time="0.533" tests="1" errors="1" skipped="0" failures="0">
  <properties>
[...]
</properties>
  <testcase name="com.yupi.jinapiclientsdk.JinapiClientSdkApplicationTests" classname="com.yupi.jinapiclientsdk.JinapiClientSdkApplicationTests" time="0.532">
    <error message="Unable to find a @SpringBootConfiguration, you need to use @ContextConfiguration or @SpringBootTest(classes=...) with your test" type="java.lang.IllegalStateException">java.lang.IllegalStateException: Unable to find a @SpringBootConfiguration, you need to use @ContextConfiguration or @SpringBootTest(classes=...) with your test
</error>
    <system-out><![CDATA[21:59:01.961 [main] DEBUG org.springframework.test.context.BootstrapUtils - Instantiating CacheAwareContextLoaderDelegate from class [org.springframework.test.context.cache.DefaultCacheAwareContextLoaderDelegate]
21:59:01.992 [main] DEBUG org.springframework.test.context.BootstrapUtils - Instantiating BootstrapContext using constructor [public org.springframework.test.context.support.DefaultBootstrapContext(java.lang.Class,org.springframework.test.context.CacheAwareContextLoaderDelegate)]
21:59:02.082 [main] DEBUG org.springframework.test.context.BootstrapUtils - Instantiating TestContextBootstrapper for test class [com.yupi.jinapiclientsdk.JinapiClientSdkApplicationTests] from class [org.springframework.boot.test.context.SpringBootTestContextBootstrapper]
21:59:02.111 [main] INFO org.springframework.boot.test.context.SpringBootTestContextBootstrapper - Neither @ContextConfiguration nor @ContextHierarchy found for test class [com.yupi.jinapiclientsdk.JinapiClientSdkApplicationTests], using SpringBootContextLoader
21:59:02.118 [main] DEBUG org.springframework.test.context.support.AbstractContextLoader - Did not detect default resource location for test class [com.yupi.jinapiclientsdk.JinapiClientSdkApplicationTests]: class path resource [com/yupi/jinapiclientsdk/JinapiClientSdkApplicationTests-context.xml] does not exist
21:59:02.118 [main] DEBUG org.springframework.test.context.support.AbstractContextLoader - Did not detect default resource location for test class [com.yupi.jinapiclientsdk.JinapiClientSdkApplicationTests]: class path resource [com/yupi/jinapiclientsdk/JinapiClientSdkApplicationTestsContext.groovy] does not exist
21:59:02.119 [main] INFO org.springframework.test.context.support.AbstractContextLoader - Could not detect default resource locations for test class [com.yupi.jinapiclientsdk.JinapiClientSdkApplicationTests]: no resource found for suffixes {-context.xml, Context.groovy}.
21:59:02.120 [main] INFO org.springframework.test.context.support.AnnotationConfigContextLoaderUtils - Could not detect default configuration classes for test class [com.yupi.jinapiclientsdk.JinapiClientSdkApplicationTests]: JinapiClientSdkApplicationTests does not declare any static, non-private, non-final, nested classes annotated with @Configuration.
21:59:02.227 [main] DEBUG org.springframework.test.context.support.ActiveProfilesUtils - Could not find an 'annotation declaring class' for annotation type [org.springframework.test.context.ActiveProfiles] and class [com.yupi.jinapiclientsdk.JinapiClientSdkApplicationTests]
]]></system-out>
  </testcase>
</testsuite>